<?xml version="1.0" encoding="UTF-8"?>
<!-- Generated by org.testng.reporters.JUnitXMLReporter -->
<testsuite hostname="dell-PC" ignored="0" name="Admin" tests="4" failures="0" timestamp="16 Aug 2021 07:11:31 GMT" time="0.151" errors="0">
  <testcase name="checkErrorMsgAdmin1" time="0.03" classname="testcasesbigin_demo1.AdminTestCase1"/>
  <testcase name="checkErrorMsgAdmin2" time="0.01" classname="testcasesbigin_demo1.AdminTestCase1"/>
  <testcase name="checkErrorMsgAdmin2" time="0.0" classname="testcasesbigin_demo1.AdminTestCase2"/>
  <testcase name="checkErrorMsgAdmin4" time="0.01" classname="testcasesbigin_demo1.AdminTestCase2"/>
</testsuite> <!-- Admin -->
