<?xml version="1.0" encoding="UTF-8"?>
<!-- Generated by org.testng.reporters.JUnitXMLReporter -->
<testsuite hostname="dell-PC" ignored="0" name="Customer" tests="4" failures="0" timestamp="16 Aug 2021 07:11:31 GMT" time="0.051" errors="0">
  <testcase name="checkErrorMsgCostomer2" time="0.006" classname="testcasesbigin_demo1.CustomerTestCase1"/>
  <testcase name="checkErrorMsgCustomer1" time="0.004" classname="testcasesbigin_demo1.CustomerTestCase1"/>
  <testcase name="checkErrorMsgCustomer3" time="0.003" classname="testcasesbigin_demo1.CustomerTestCase2"/>
  <testcase name="checkErrorMsgCustomer4" time="0.003" classname="testcasesbigin_demo1.CustomerTestCase2"/>
</testsuite> <!-- Customer -->
